INFO - 2023-05-14 10:34:21 --> Session: Class initialized using 'CodeIgniter\Session\Handlers\FileHandler' driver.
INFO - 2023-05-14 10:34:31 --> Session: Class initialized using 'CodeIgniter\Session\Handlers\FileHandler' driver.
INFO - 2023-05-14 10:34:33 --> Session: Class initialized using 'CodeIgniter\Session\Handlers\FileHandler' driver.
INFO - 2023-05-14 10:34:41 --> Session: Class initialized using 'CodeIgniter\Session\Handlers\FileHandler' driver.
INFO - 2023-05-14 10:34:41 --> Session: Class initialized using 'CodeIgniter\Session\Handlers\FileHandler' driver.
INFO - 2023-05-14 10:34:53 --> Session: Class initialized using 'CodeIgniter\Session\Handlers\FileHandler' driver.
INFO - 2023-05-14 10:34:53 --> Session: Class initialized using 'CodeIgniter\Session\Handlers\FileHandler' driver.
CRITICAL - 2023-05-14 10:42:42 --> Undefined variable $errors
in APPPATH\Views\admin\attractionsManagement.php on line 45.
 1 APPPATH\Views\admin\attractionsManagement.php(45): CodeIgniter\Debug\Exceptions->errorHandler(2, 'Undefined variable $errors', 'C:\\xampp\\htdocs\\ci4_capstone1.0\\app\\Views\\admin\\attractionsManagement.php', 45)
 2 SYSTEMPATH\View\View.php(213): include('C:\\xampp\\htdocs\\ci4_capstone1.0\\app\\Views\\admin\\attractionsManagement.php')
 3 SYSTEMPATH\View\View.php(216): CodeIgniter\View\View->CodeIgniter\View\{closure}()
 4 SYSTEMPATH\Common.php(1184): CodeIgniter\View\View->render('/admin/attractionsManagement.php', [], true)
 5 APPPATH\Controllers\AttractionsManagement.php(13): view('/admin/attractionsManagement.php')
 6 SYSTEMPATH\CodeIgniter.php(934): App\Controllers\AttractionsManagement->index()
 7 SYSTEMPATH\CodeIgniter.php(499): CodeIgniter\CodeIgniter->runController(Object(App\Controllers\AttractionsManagement))
 8 SYSTEMPATH\CodeIgniter.php(368): CodeIgniter\CodeIgniter->handleRequest(null, Object(Config\Cache), false)
 9 FCPATH\index.php(67): CodeIgniter\CodeIgniter->run()
10 SYSTEMPATH\Commands\Server\rewrite.php(47): require_once('C:\\xampp\\htdocs\\ci4_capstone1.0\\public\\index.php')
INFO - 2023-05-14 10:42:50 --> Session: Class initialized using 'CodeIgniter\Session\Handlers\FileHandler' driver.
CRITICAL - 2023-05-14 10:44:50 --> Undefined variable $errors
in APPPATH\Views\admin\attractionsManagement.php on line 45.
 1 APPPATH\Views\admin\attractionsManagement.php(45): CodeIgniter\Debug\Exceptions->errorHandler(2, 'Undefined variable $errors', 'C:\\xampp\\htdocs\\ci4_capstone1.0\\app\\Views\\admin\\attractionsManagement.php', 45)
 2 SYSTEMPATH\View\View.php(213): include('C:\\xampp\\htdocs\\ci4_capstone1.0\\app\\Views\\admin\\attractionsManagement.php')
 3 SYSTEMPATH\View\View.php(216): CodeIgniter\View\View->CodeIgniter\View\{closure}()
 4 SYSTEMPATH\Common.php(1184): CodeIgniter\View\View->render('/admin/attractionsManagement.php', [], true)
 5 APPPATH\Controllers\AttractionsManagement.php(13): view('/admin/attractionsManagement.php')
 6 SYSTEMPATH\CodeIgniter.php(934): App\Controllers\AttractionsManagement->index()
 7 SYSTEMPATH\CodeIgniter.php(499): CodeIgniter\CodeIgniter->runController(Object(App\Controllers\AttractionsManagement))
 8 SYSTEMPATH\CodeIgniter.php(368): CodeIgniter\CodeIgniter->handleRequest(null, Object(Config\Cache), false)
 9 FCPATH\index.php(67): CodeIgniter\CodeIgniter->run()
10 SYSTEMPATH\Commands\Server\rewrite.php(47): require_once('C:\\xampp\\htdocs\\ci4_capstone1.0\\public\\index.php')
INFO - 2023-05-14 10:44:52 --> Session: Class initialized using 'CodeIgniter\Session\Handlers\FileHandler' driver.
CRITICAL - 2023-05-14 10:44:53 --> Undefined variable $errors
in APPPATH\Views\admin\attractionsManagement.php on line 45.
 1 APPPATH\Views\admin\attractionsManagement.php(45): CodeIgniter\Debug\Exceptions->errorHandler(2, 'Undefined variable $errors', 'C:\\xampp\\htdocs\\ci4_capstone1.0\\app\\Views\\admin\\attractionsManagement.php', 45)
 2 SYSTEMPATH\View\View.php(213): include('C:\\xampp\\htdocs\\ci4_capstone1.0\\app\\Views\\admin\\attractionsManagement.php')
 3 SYSTEMPATH\View\View.php(216): CodeIgniter\View\View->CodeIgniter\View\{closure}()
 4 SYSTEMPATH\Common.php(1184): CodeIgniter\View\View->render('/admin/attractionsManagement.php', [], true)
 5 APPPATH\Controllers\AttractionsManagement.php(13): view('/admin/attractionsManagement.php')
 6 SYSTEMPATH\CodeIgniter.php(934): App\Controllers\AttractionsManagement->index()
 7 SYSTEMPATH\CodeIgniter.php(499): CodeIgniter\CodeIgniter->runController(Object(App\Controllers\AttractionsManagement))
 8 SYSTEMPATH\CodeIgniter.php(368): CodeIgniter\CodeIgniter->handleRequest(null, Object(Config\Cache), false)
 9 FCPATH\index.php(67): CodeIgniter\CodeIgniter->run()
10 SYSTEMPATH\Commands\Server\rewrite.php(47): require_once('C:\\xampp\\htdocs\\ci4_capstone1.0\\public\\index.php')
INFO - 2023-05-14 10:44:57 --> Session: Class initialized using 'CodeIgniter\Session\Handlers\FileHandler' driver.
CRITICAL - 2023-05-14 10:48:01 --> Undefined variable $errors
in APPPATH\Views\admin\attractionsManagement.php on line 45.
 1 APPPATH\Views\admin\attractionsManagement.php(45): CodeIgniter\Debug\Exceptions->errorHandler(2, 'Undefined variable $errors', 'C:\\xampp\\htdocs\\ci4_capstone1.0\\app\\Views\\admin\\attractionsManagement.php', 45)
 2 SYSTEMPATH\View\View.php(213): include('C:\\xampp\\htdocs\\ci4_capstone1.0\\app\\Views\\admin\\attractionsManagement.php')
 3 SYSTEMPATH\View\View.php(216): CodeIgniter\View\View->CodeIgniter\View\{closure}()
 4 SYSTEMPATH\Common.php(1184): CodeIgniter\View\View->render('/admin/attractionsManagement.php', [], true)
 5 APPPATH\Controllers\AttractionsManagement.php(13): view('/admin/attractionsManagement.php')
 6 SYSTEMPATH\CodeIgniter.php(934): App\Controllers\AttractionsManagement->index()
 7 SYSTEMPATH\CodeIgniter.php(499): CodeIgniter\CodeIgniter->runController(Object(App\Controllers\AttractionsManagement))
 8 SYSTEMPATH\CodeIgniter.php(368): CodeIgniter\CodeIgniter->handleRequest(null, Object(Config\Cache), false)
 9 FCPATH\index.php(67): CodeIgniter\CodeIgniter->run()
10 SYSTEMPATH\Commands\Server\rewrite.php(47): require_once('C:\\xampp\\htdocs\\ci4_capstone1.0\\public\\index.php')
INFO - 2023-05-14 10:48:11 --> Session: Class initialized using 'CodeIgniter\Session\Handlers\FileHandler' driver.
CRITICAL - 2023-05-14 10:50:24 --> Undefined variable $errors
in APPPATH\Views\admin\attractionsManagement.php on line 45.
 1 APPPATH\Views\admin\attractionsManagement.php(45): CodeIgniter\Debug\Exceptions->errorHandler(2, 'Undefined variable $errors', 'C:\\xampp\\htdocs\\ci4_capstone1.0\\app\\Views\\admin\\attractionsManagement.php', 45)
 2 SYSTEMPATH\View\View.php(213): include('C:\\xampp\\htdocs\\ci4_capstone1.0\\app\\Views\\admin\\attractionsManagement.php')
 3 SYSTEMPATH\View\View.php(216): CodeIgniter\View\View->CodeIgniter\View\{closure}()
 4 SYSTEMPATH\Common.php(1184): CodeIgniter\View\View->render('/admin/attractionsManagement.php', [], true)
 5 APPPATH\Controllers\AttractionsManagement.php(13): view('/admin/attractionsManagement.php')
 6 SYSTEMPATH\CodeIgniter.php(934): App\Controllers\AttractionsManagement->index()
 7 SYSTEMPATH\CodeIgniter.php(499): CodeIgniter\CodeIgniter->runController(Object(App\Controllers\AttractionsManagement))
 8 SYSTEMPATH\CodeIgniter.php(368): CodeIgniter\CodeIgniter->handleRequest(null, Object(Config\Cache), false)
 9 FCPATH\index.php(67): CodeIgniter\CodeIgniter->run()
10 SYSTEMPATH\Commands\Server\rewrite.php(47): require_once('C:\\xampp\\htdocs\\ci4_capstone1.0\\public\\index.php')
INFO - 2023-05-14 11:08:26 --> Session: Class initialized using 'CodeIgniter\Session\Handlers\FileHandler' driver.
INFO - 2023-05-14 11:08:50 --> Session: Class initialized using 'CodeIgniter\Session\Handlers\FileHandler' driver.
INFO - 2023-05-14 11:09:00 --> Session: Class initialized using 'CodeIgniter\Session\Handlers\FileHandler' driver.
INFO - 2023-05-14 11:09:00 --> Session: Class initialized using 'CodeIgniter\Session\Handlers\FileHandler' driver.
CRITICAL - 2023-05-14 11:09:02 --> Undefined variable $errors
in APPPATH\Views\admin\attractionsManagement.php on line 45.
 1 APPPATH\Views\admin\attractionsManagement.php(45): CodeIgniter\Debug\Exceptions->errorHandler(2, 'Undefined variable $errors', 'C:\\xampp\\htdocs\\ci4_capstone1.0\\app\\Views\\admin\\attractionsManagement.php', 45)
 2 SYSTEMPATH\View\View.php(213): include('C:\\xampp\\htdocs\\ci4_capstone1.0\\app\\Views\\admin\\attractionsManagement.php')
 3 SYSTEMPATH\View\View.php(216): CodeIgniter\View\View->CodeIgniter\View\{closure}()
 4 SYSTEMPATH\Common.php(1184): CodeIgniter\View\View->render('/admin/attractionsManagement.php', [], true)
 5 APPPATH\Controllers\AttractionsManagement.php(13): view('/admin/attractionsManagement.php')
 6 SYSTEMPATH\CodeIgniter.php(934): App\Controllers\AttractionsManagement->index()
 7 SYSTEMPATH\CodeIgniter.php(499): CodeIgniter\CodeIgniter->runController(Object(App\Controllers\AttractionsManagement))
 8 SYSTEMPATH\CodeIgniter.php(368): CodeIgniter\CodeIgniter->handleRequest(null, Object(Config\Cache), false)
 9 FCPATH\index.php(67): CodeIgniter\CodeIgniter->run()
10 SYSTEMPATH\Commands\Server\rewrite.php(47): require_once('C:\\xampp\\htdocs\\ci4_capstone1.0\\public\\index.php')
