INFO - 2023-05-13 23:32:17 --> Session: Class initialized using 'CodeIgniter\Session\Handlers\FileHandler' driver.
ERROR - 2023-05-13 23:32:42 --> Error connecting to the database: mysqli_sql_exception: Unknown database 'dot_managementdb' in C:\xampp\htdocs\ci4_capstone1.0\system\Database\MySQLi\Connection.php:173
Stack trace:
#0 C:\xampp\htdocs\ci4_capstone1.0\system\Database\MySQLi\Connection.php(173): mysqli->real_connect('localhost', 'root', Object(SensitiveParameterValue), 'dot_managementd...', 3306, '', 0)
#1 C:\xampp\htdocs\ci4_capstone1.0\system\Database\BaseConnection.php(391): CodeIgniter\Database\MySQLi\Connection->connect(false)
#2 C:\xampp\htdocs\ci4_capstone1.0\system\Database\BaseConnection.php(573): CodeIgniter\Database\BaseConnection->initialize()
#3 C:\xampp\htdocs\ci4_capstone1.0\system\Database\BaseBuilder.php(1616): CodeIgniter\Database\BaseConnection->query('SELECT 1\nFROM `...', Array, false)
#4 C:\xampp\htdocs\ci4_capstone1.0\system\Validation\StrictRules\Rules.php(206): CodeIgniter\Database\BaseBuilder->get()
#5 C:\xampp\htdocs\ci4_capstone1.0\system\Validation\Validation.php(312): CodeIgniter\Validation\StrictRules\Rules->is_unique('test@gmail.com', 'email', Array, NULL, 'email')
#6 C:\xampp\htdocs\ci4_capstone1.0\system\Validation\Validation.php(170): CodeIgniter\Validation\Validation->processRules('email', 'email', 'test@gmail.com', Array, Array)
#7 C:\xampp\htdocs\ci4_capstone1.0\system\Controller.php(140): CodeIgniter\Validation\Validation->run()
#8 C:\xampp\htdocs\ci4_capstone1.0\app\Controllers\SignupController.php(25): CodeIgniter\Controller->validate(Array)
#9 C:\xampp\htdocs\ci4_capstone1.0\system\CodeIgniter.php(934): App\Controllers\SignupController->store()
#10 C:\xampp\htdocs\ci4_capstone1.0\system\CodeIgniter.php(499): CodeIgniter\CodeIgniter->runController(Object(App\Controllers\SignupController))
#11 C:\xampp\htdocs\ci4_capstone1.0\system\CodeIgniter.php(368): CodeIgniter\CodeIgniter->handleRequest(NULL, Object(Config\Cache), false)
#12 C:\xampp\htdocs\ci4_capstone1.0\public\index.php(67): CodeIgniter\CodeIgniter->run()
#13 C:\xampp\htdocs\ci4_capstone1.0\system\Commands\Server\rewrite.php(47): require_once('C:\\xampp\\htdocs...')
#14 {main}

Next CodeIgniter\Database\Exceptions\DatabaseException: Unknown database 'dot_managementdb' in C:\xampp\htdocs\ci4_capstone1.0\system\Database\MySQLi\Connection.php:218
Stack trace:
#0 C:\xampp\htdocs\ci4_capstone1.0\system\Database\BaseConnection.php(391): CodeIgniter\Database\MySQLi\Connection->connect(false)
#1 C:\xampp\htdocs\ci4_capstone1.0\system\Database\BaseConnection.php(573): CodeIgniter\Database\BaseConnection->initialize()
#2 C:\xampp\htdocs\ci4_capstone1.0\system\Database\BaseBuilder.php(1616): CodeIgniter\Database\BaseConnection->query('SELECT 1\nFROM `...', Array, false)
#3 C:\xampp\htdocs\ci4_capstone1.0\system\Validation\StrictRules\Rules.php(206): CodeIgniter\Database\BaseBuilder->get()
#4 C:\xampp\htdocs\ci4_capstone1.0\system\Validation\Validation.php(312): CodeIgniter\Validation\StrictRules\Rules->is_unique('test@gmail.com', 'email', Array, NULL, 'email')
#5 C:\xampp\htdocs\ci4_capstone1.0\system\Validation\Validation.php(170): CodeIgniter\Validation\Validation->processRules('email', 'email', 'test@gmail.com', Array, Array)
#6 C:\xampp\htdocs\ci4_capstone1.0\system\Controller.php(140): CodeIgniter\Validation\Validation->run()
#7 C:\xampp\htdocs\ci4_capstone1.0\app\Controllers\SignupController.php(25): CodeIgniter\Controller->validate(Array)
#8 C:\xampp\htdocs\ci4_capstone1.0\system\CodeIgniter.php(934): App\Controllers\SignupController->store()
#9 C:\xampp\htdocs\ci4_capstone1.0\system\CodeIgniter.php(499): CodeIgniter\CodeIgniter->runController(Object(App\Controllers\SignupController))
#10 C:\xampp\htdocs\ci4_capstone1.0\system\CodeIgniter.php(368): CodeIgniter\CodeIgniter->handleRequest(NULL, Object(Config\Cache), false)
#11 C:\xampp\htdocs\ci4_capstone1.0\public\index.php(67): CodeIgniter\CodeIgniter->run()
#12 C:\xampp\htdocs\ci4_capstone1.0\system\Commands\Server\rewrite.php(47): require_once('C:\\xampp\\htdocs...')
#13 {main}
CRITICAL - 2023-05-13 23:32:42 --> Unable to connect to the database.
Main connection [MySQLi]: Unknown database 'dot_managementdb'
in SYSTEMPATH\Database\BaseConnection.php on line 427.
 1 SYSTEMPATH\Database\BaseConnection.php(573): CodeIgniter\Database\BaseConnection->initialize()
 2 SYSTEMPATH\Database\BaseBuilder.php(1616): CodeIgniter\Database\BaseConnection->query('SELECT 1
FROM `admin_user`
WHERE `email` = :email:
 LIMIT 1', [...], false)
 3 SYSTEMPATH\Validation\StrictRules\Rules.php(206): CodeIgniter\Database\BaseBuilder->get()
 4 SYSTEMPATH\Validation\Validation.php(312): CodeIgniter\Validation\StrictRules\Rules->is_unique('test@gmail.com', 'email', [...], null, 'email')
 5 SYSTEMPATH\Validation\Validation.php(170): CodeIgniter\Validation\Validation->processRules('email', 'email', 'test@gmail.com', [...], [...])
 6 SYSTEMPATH\Controller.php(140): CodeIgniter\Validation\Validation->run()
 7 APPPATH\Controllers\SignupController.php(25): CodeIgniter\Controller->validate([...])
 8 SYSTEMPATH\CodeIgniter.php(934): App\Controllers\SignupController->store()
 9 SYSTEMPATH\CodeIgniter.php(499): CodeIgniter\CodeIgniter->runController(Object(App\Controllers\SignupController))
10 SYSTEMPATH\CodeIgniter.php(368): CodeIgniter\CodeIgniter->handleRequest(null, Object(Config\Cache), false)
11 FCPATH\index.php(67): CodeIgniter\CodeIgniter->run()
12 SYSTEMPATH\Commands\Server\rewrite.php(47): require_once('C:\\xampp\\htdocs\\ci4_capstone1.0\\public\\index.php')
ERROR - 2023-05-13 23:33:28 --> Error connecting to the database: mysqli_sql_exception: Unknown database 'dot_managementdb' in C:\xampp\htdocs\ci4_capstone1.0\system\Database\MySQLi\Connection.php:173
Stack trace:
#0 C:\xampp\htdocs\ci4_capstone1.0\system\Database\MySQLi\Connection.php(173): mysqli->real_connect('localhost', 'root', Object(SensitiveParameterValue), 'dot_managementd...', 3306, '', 0)
#1 C:\xampp\htdocs\ci4_capstone1.0\system\Database\BaseConnection.php(391): CodeIgniter\Database\MySQLi\Connection->connect(false)
#2 C:\xampp\htdocs\ci4_capstone1.0\system\Database\BaseConnection.php(573): CodeIgniter\Database\BaseConnection->initialize()
#3 C:\xampp\htdocs\ci4_capstone1.0\system\Database\BaseBuilder.php(1616): CodeIgniter\Database\BaseConnection->query('SELECT 1\nFROM `...', Array, false)
#4 C:\xampp\htdocs\ci4_capstone1.0\system\Validation\StrictRules\Rules.php(206): CodeIgniter\Database\BaseBuilder->get()
#5 C:\xampp\htdocs\ci4_capstone1.0\system\Validation\Validation.php(312): CodeIgniter\Validation\StrictRules\Rules->is_unique('test@gmail.com', 'email', Array, NULL, 'email')
#6 C:\xampp\htdocs\ci4_capstone1.0\system\Validation\Validation.php(170): CodeIgniter\Validation\Validation->processRules('email', 'email', 'test@gmail.com', Array, Array)
#7 C:\xampp\htdocs\ci4_capstone1.0\system\Controller.php(140): CodeIgniter\Validation\Validation->run()
#8 C:\xampp\htdocs\ci4_capstone1.0\app\Controllers\SignupController.php(25): CodeIgniter\Controller->validate(Array)
#9 C:\xampp\htdocs\ci4_capstone1.0\system\CodeIgniter.php(934): App\Controllers\SignupController->store()
#10 C:\xampp\htdocs\ci4_capstone1.0\system\CodeIgniter.php(499): CodeIgniter\CodeIgniter->runController(Object(App\Controllers\SignupController))
#11 C:\xampp\htdocs\ci4_capstone1.0\system\CodeIgniter.php(368): CodeIgniter\CodeIgniter->handleRequest(NULL, Object(Config\Cache), false)
#12 C:\xampp\htdocs\ci4_capstone1.0\public\index.php(67): CodeIgniter\CodeIgniter->run()
#13 C:\xampp\htdocs\ci4_capstone1.0\system\Commands\Server\rewrite.php(47): require_once('C:\\xampp\\htdocs...')
#14 {main}

Next CodeIgniter\Database\Exceptions\DatabaseException: Unknown database 'dot_managementdb' in C:\xampp\htdocs\ci4_capstone1.0\system\Database\MySQLi\Connection.php:218
Stack trace:
#0 C:\xampp\htdocs\ci4_capstone1.0\system\Database\BaseConnection.php(391): CodeIgniter\Database\MySQLi\Connection->connect(false)
#1 C:\xampp\htdocs\ci4_capstone1.0\system\Database\BaseConnection.php(573): CodeIgniter\Database\BaseConnection->initialize()
#2 C:\xampp\htdocs\ci4_capstone1.0\system\Database\BaseBuilder.php(1616): CodeIgniter\Database\BaseConnection->query('SELECT 1\nFROM `...', Array, false)
#3 C:\xampp\htdocs\ci4_capstone1.0\system\Validation\StrictRules\Rules.php(206): CodeIgniter\Database\BaseBuilder->get()
#4 C:\xampp\htdocs\ci4_capstone1.0\system\Validation\Validation.php(312): CodeIgniter\Validation\StrictRules\Rules->is_unique('test@gmail.com', 'email', Array, NULL, 'email')
#5 C:\xampp\htdocs\ci4_capstone1.0\system\Validation\Validation.php(170): CodeIgniter\Validation\Validation->processRules('email', 'email', 'test@gmail.com', Array, Array)
#6 C:\xampp\htdocs\ci4_capstone1.0\system\Controller.php(140): CodeIgniter\Validation\Validation->run()
#7 C:\xampp\htdocs\ci4_capstone1.0\app\Controllers\SignupController.php(25): CodeIgniter\Controller->validate(Array)
#8 C:\xampp\htdocs\ci4_capstone1.0\system\CodeIgniter.php(934): App\Controllers\SignupController->store()
#9 C:\xampp\htdocs\ci4_capstone1.0\system\CodeIgniter.php(499): CodeIgniter\CodeIgniter->runController(Object(App\Controllers\SignupController))
#10 C:\xampp\htdocs\ci4_capstone1.0\system\CodeIgniter.php(368): CodeIgniter\CodeIgniter->handleRequest(NULL, Object(Config\Cache), false)
#11 C:\xampp\htdocs\ci4_capstone1.0\public\index.php(67): CodeIgniter\CodeIgniter->run()
#12 C:\xampp\htdocs\ci4_capstone1.0\system\Commands\Server\rewrite.php(47): require_once('C:\\xampp\\htdocs...')
#13 {main}
CRITICAL - 2023-05-13 23:33:28 --> Unable to connect to the database.
Main connection [MySQLi]: Unknown database 'dot_managementdb'
in SYSTEMPATH\Database\BaseConnection.php on line 427.
 1 SYSTEMPATH\Database\BaseConnection.php(573): CodeIgniter\Database\BaseConnection->initialize()
 2 SYSTEMPATH\Database\BaseBuilder.php(1616): CodeIgniter\Database\BaseConnection->query('SELECT 1
FROM `users`
WHERE `email` = :email:
 LIMIT 1', [...], false)
 3 SYSTEMPATH\Validation\StrictRules\Rules.php(206): CodeIgniter\Database\BaseBuilder->get()
 4 SYSTEMPATH\Validation\Validation.php(312): CodeIgniter\Validation\StrictRules\Rules->is_unique('test@gmail.com', 'email', [...], null, 'email')
 5 SYSTEMPATH\Validation\Validation.php(170): CodeIgniter\Validation\Validation->processRules('email', 'email', 'test@gmail.com', [...], [...])
 6 SYSTEMPATH\Controller.php(140): CodeIgniter\Validation\Validation->run()
 7 APPPATH\Controllers\SignupController.php(25): CodeIgniter\Controller->validate([...])
 8 SYSTEMPATH\CodeIgniter.php(934): App\Controllers\SignupController->store()
 9 SYSTEMPATH\CodeIgniter.php(499): CodeIgniter\CodeIgniter->runController(Object(App\Controllers\SignupController))
10 SYSTEMPATH\CodeIgniter.php(368): CodeIgniter\CodeIgniter->handleRequest(null, Object(Config\Cache), false)
11 FCPATH\index.php(67): CodeIgniter\CodeIgniter->run()
12 SYSTEMPATH\Commands\Server\rewrite.php(47): require_once('C:\\xampp\\htdocs\\ci4_capstone1.0\\public\\index.php')
ERROR - 2023-05-13 23:34:53 --> Error connecting to the database: mysqli_sql_exception: Unknown database 'dot_managementdb' in C:\xampp\htdocs\ci4_capstone1.0\system\Database\MySQLi\Connection.php:173
Stack trace:
#0 C:\xampp\htdocs\ci4_capstone1.0\system\Database\MySQLi\Connection.php(173): mysqli->real_connect('localhost', 'root', Object(SensitiveParameterValue), 'dot_managementd...', 3306, '', 0)
#1 C:\xampp\htdocs\ci4_capstone1.0\system\Database\BaseConnection.php(391): CodeIgniter\Database\MySQLi\Connection->connect(false)
#2 C:\xampp\htdocs\ci4_capstone1.0\system\Database\BaseConnection.php(573): CodeIgniter\Database\BaseConnection->initialize()
#3 C:\xampp\htdocs\ci4_capstone1.0\system\Database\BaseBuilder.php(1616): CodeIgniter\Database\BaseConnection->query('SELECT 1\nFROM `...', Array, false)
#4 C:\xampp\htdocs\ci4_capstone1.0\system\Validation\StrictRules\Rules.php(206): CodeIgniter\Database\BaseBuilder->get()
#5 C:\xampp\htdocs\ci4_capstone1.0\system\Validation\Validation.php(312): CodeIgniter\Validation\StrictRules\Rules->is_unique('test@gmail.com', 'email', Array, NULL, 'email')
#6 C:\xampp\htdocs\ci4_capstone1.0\system\Validation\Validation.php(170): CodeIgniter\Validation\Validation->processRules('email', 'email', 'test@gmail.com', Array, Array)
#7 C:\xampp\htdocs\ci4_capstone1.0\system\Controller.php(140): CodeIgniter\Validation\Validation->run()
#8 C:\xampp\htdocs\ci4_capstone1.0\app\Controllers\SignupController.php(25): CodeIgniter\Controller->validate(Array)
#9 C:\xampp\htdocs\ci4_capstone1.0\system\CodeIgniter.php(934): App\Controllers\SignupController->store()
#10 C:\xampp\htdocs\ci4_capstone1.0\system\CodeIgniter.php(499): CodeIgniter\CodeIgniter->runController(Object(App\Controllers\SignupController))
#11 C:\xampp\htdocs\ci4_capstone1.0\system\CodeIgniter.php(368): CodeIgniter\CodeIgniter->handleRequest(NULL, Object(Config\Cache), false)
#12 C:\xampp\htdocs\ci4_capstone1.0\public\index.php(67): CodeIgniter\CodeIgniter->run()
#13 C:\xampp\htdocs\ci4_capstone1.0\system\Commands\Server\rewrite.php(47): require_once('C:\\xampp\\htdocs...')
#14 {main}

Next CodeIgniter\Database\Exceptions\DatabaseException: Unknown database 'dot_managementdb' in C:\xampp\htdocs\ci4_capstone1.0\system\Database\MySQLi\Connection.php:218
Stack trace:
#0 C:\xampp\htdocs\ci4_capstone1.0\system\Database\BaseConnection.php(391): CodeIgniter\Database\MySQLi\Connection->connect(false)
#1 C:\xampp\htdocs\ci4_capstone1.0\system\Database\BaseConnection.php(573): CodeIgniter\Database\BaseConnection->initialize()
#2 C:\xampp\htdocs\ci4_capstone1.0\system\Database\BaseBuilder.php(1616): CodeIgniter\Database\BaseConnection->query('SELECT 1\nFROM `...', Array, false)
#3 C:\xampp\htdocs\ci4_capstone1.0\system\Validation\StrictRules\Rules.php(206): CodeIgniter\Database\BaseBuilder->get()
#4 C:\xampp\htdocs\ci4_capstone1.0\system\Validation\Validation.php(312): CodeIgniter\Validation\StrictRules\Rules->is_unique('test@gmail.com', 'email', Array, NULL, 'email')
#5 C:\xampp\htdocs\ci4_capstone1.0\system\Validation\Validation.php(170): CodeIgniter\Validation\Validation->processRules('email', 'email', 'test@gmail.com', Array, Array)
#6 C:\xampp\htdocs\ci4_capstone1.0\system\Controller.php(140): CodeIgniter\Validation\Validation->run()
#7 C:\xampp\htdocs\ci4_capstone1.0\app\Controllers\SignupController.php(25): CodeIgniter\Controller->validate(Array)
#8 C:\xampp\htdocs\ci4_capstone1.0\system\CodeIgniter.php(934): App\Controllers\SignupController->store()
#9 C:\xampp\htdocs\ci4_capstone1.0\system\CodeIgniter.php(499): CodeIgniter\CodeIgniter->runController(Object(App\Controllers\SignupController))
#10 C:\xampp\htdocs\ci4_capstone1.0\system\CodeIgniter.php(368): CodeIgniter\CodeIgniter->handleRequest(NULL, Object(Config\Cache), false)
#11 C:\xampp\htdocs\ci4_capstone1.0\public\index.php(67): CodeIgniter\CodeIgniter->run()
#12 C:\xampp\htdocs\ci4_capstone1.0\system\Commands\Server\rewrite.php(47): require_once('C:\\xampp\\htdocs...')
#13 {main}
CRITICAL - 2023-05-13 23:34:53 --> Unable to connect to the database.
Main connection [MySQLi]: Unknown database 'dot_managementdb'
in SYSTEMPATH\Database\BaseConnection.php on line 427.
 1 SYSTEMPATH\Database\BaseConnection.php(573): CodeIgniter\Database\BaseConnection->initialize()
 2 SYSTEMPATH\Database\BaseBuilder.php(1616): CodeIgniter\Database\BaseConnection->query('SELECT 1
FROM `admin_user`
WHERE `email` = :email:
 LIMIT 1', [...], false)
 3 SYSTEMPATH\Validation\StrictRules\Rules.php(206): CodeIgniter\Database\BaseBuilder->get()
 4 SYSTEMPATH\Validation\Validation.php(312): CodeIgniter\Validation\StrictRules\Rules->is_unique('test@gmail.com', 'email', [...], null, 'email')
 5 SYSTEMPATH\Validation\Validation.php(170): CodeIgniter\Validation\Validation->processRules('email', 'email', 'test@gmail.com', [...], [...])
 6 SYSTEMPATH\Controller.php(140): CodeIgniter\Validation\Validation->run()
 7 APPPATH\Controllers\SignupController.php(25): CodeIgniter\Controller->validate([...])
 8 SYSTEMPATH\CodeIgniter.php(934): App\Controllers\SignupController->store()
 9 SYSTEMPATH\CodeIgniter.php(499): CodeIgniter\CodeIgniter->runController(Object(App\Controllers\SignupController))
10 SYSTEMPATH\CodeIgniter.php(368): CodeIgniter\CodeIgniter->handleRequest(null, Object(Config\Cache), false)
11 FCPATH\index.php(67): CodeIgniter\CodeIgniter->run()
12 SYSTEMPATH\Commands\Server\rewrite.php(47): require_once('C:\\xampp\\htdocs\\ci4_capstone1.0\\public\\index.php')
ERROR - 2023-05-13 23:34:59 --> Error connecting to the database: mysqli_sql_exception: Unknown database 'dot_managementdb' in C:\xampp\htdocs\ci4_capstone1.0\system\Database\MySQLi\Connection.php:173
Stack trace:
#0 C:\xampp\htdocs\ci4_capstone1.0\system\Database\MySQLi\Connection.php(173): mysqli->real_connect('localhost', 'root', Object(SensitiveParameterValue), 'dot_managementd...', 3306, '', 0)
#1 C:\xampp\htdocs\ci4_capstone1.0\system\Database\BaseConnection.php(391): CodeIgniter\Database\MySQLi\Connection->connect(false)
#2 C:\xampp\htdocs\ci4_capstone1.0\system\Database\BaseConnection.php(573): CodeIgniter\Database\BaseConnection->initialize()
#3 C:\xampp\htdocs\ci4_capstone1.0\system\Database\BaseBuilder.php(1616): CodeIgniter\Database\BaseConnection->query('SELECT 1\nFROM `...', Array, false)
#4 C:\xampp\htdocs\ci4_capstone1.0\system\Validation\StrictRules\Rules.php(206): CodeIgniter\Database\BaseBuilder->get()
#5 C:\xampp\htdocs\ci4_capstone1.0\system\Validation\Validation.php(312): CodeIgniter\Validation\StrictRules\Rules->is_unique('test@gmail.com', 'email', Array, NULL, 'email')
#6 C:\xampp\htdocs\ci4_capstone1.0\system\Validation\Validation.php(170): CodeIgniter\Validation\Validation->processRules('email', 'email', 'test@gmail.com', Array, Array)
#7 C:\xampp\htdocs\ci4_capstone1.0\system\Controller.php(140): CodeIgniter\Validation\Validation->run()
#8 C:\xampp\htdocs\ci4_capstone1.0\app\Controllers\SignupController.php(25): CodeIgniter\Controller->validate(Array)
#9 C:\xampp\htdocs\ci4_capstone1.0\system\CodeIgniter.php(934): App\Controllers\SignupController->store()
#10 C:\xampp\htdocs\ci4_capstone1.0\system\CodeIgniter.php(499): CodeIgniter\CodeIgniter->runController(Object(App\Controllers\SignupController))
#11 C:\xampp\htdocs\ci4_capstone1.0\system\CodeIgniter.php(368): CodeIgniter\CodeIgniter->handleRequest(NULL, Object(Config\Cache), false)
#12 C:\xampp\htdocs\ci4_capstone1.0\public\index.php(67): CodeIgniter\CodeIgniter->run()
#13 C:\xampp\htdocs\ci4_capstone1.0\system\Commands\Server\rewrite.php(47): require_once('C:\\xampp\\htdocs...')
#14 {main}

Next CodeIgniter\Database\Exceptions\DatabaseException: Unknown database 'dot_managementdb' in C:\xampp\htdocs\ci4_capstone1.0\system\Database\MySQLi\Connection.php:218
Stack trace:
#0 C:\xampp\htdocs\ci4_capstone1.0\system\Database\BaseConnection.php(391): CodeIgniter\Database\MySQLi\Connection->connect(false)
#1 C:\xampp\htdocs\ci4_capstone1.0\system\Database\BaseConnection.php(573): CodeIgniter\Database\BaseConnection->initialize()
#2 C:\xampp\htdocs\ci4_capstone1.0\system\Database\BaseBuilder.php(1616): CodeIgniter\Database\BaseConnection->query('SELECT 1\nFROM `...', Array, false)
#3 C:\xampp\htdocs\ci4_capstone1.0\system\Validation\StrictRules\Rules.php(206): CodeIgniter\Database\BaseBuilder->get()
#4 C:\xampp\htdocs\ci4_capstone1.0\system\Validation\Validation.php(312): CodeIgniter\Validation\StrictRules\Rules->is_unique('test@gmail.com', 'email', Array, NULL, 'email')
#5 C:\xampp\htdocs\ci4_capstone1.0\system\Validation\Validation.php(170): CodeIgniter\Validation\Validation->processRules('email', 'email', 'test@gmail.com', Array, Array)
#6 C:\xampp\htdocs\ci4_capstone1.0\system\Controller.php(140): CodeIgniter\Validation\Validation->run()
#7 C:\xampp\htdocs\ci4_capstone1.0\app\Controllers\SignupController.php(25): CodeIgniter\Controller->validate(Array)
#8 C:\xampp\htdocs\ci4_capstone1.0\system\CodeIgniter.php(934): App\Controllers\SignupController->store()
#9 C:\xampp\htdocs\ci4_capstone1.0\system\CodeIgniter.php(499): CodeIgniter\CodeIgniter->runController(Object(App\Controllers\SignupController))
#10 C:\xampp\htdocs\ci4_capstone1.0\system\CodeIgniter.php(368): CodeIgniter\CodeIgniter->handleRequest(NULL, Object(Config\Cache), false)
#11 C:\xampp\htdocs\ci4_capstone1.0\public\index.php(67): CodeIgniter\CodeIgniter->run()
#12 C:\xampp\htdocs\ci4_capstone1.0\system\Commands\Server\rewrite.php(47): require_once('C:\\xampp\\htdocs...')
#13 {main}
CRITICAL - 2023-05-13 23:34:59 --> Unable to connect to the database.
Main connection [MySQLi]: Unknown database 'dot_managementdb'
in SYSTEMPATH\Database\BaseConnection.php on line 427.
 1 SYSTEMPATH\Database\BaseConnection.php(573): CodeIgniter\Database\BaseConnection->initialize()
 2 SYSTEMPATH\Database\BaseBuilder.php(1616): CodeIgniter\Database\BaseConnection->query('SELECT 1
FROM `admin_user`
WHERE `email` = :email:
 LIMIT 1', [...], false)
 3 SYSTEMPATH\Validation\StrictRules\Rules.php(206): CodeIgniter\Database\BaseBuilder->get()
 4 SYSTEMPATH\Validation\Validation.php(312): CodeIgniter\Validation\StrictRules\Rules->is_unique('test@gmail.com', 'email', [...], null, 'email')
 5 SYSTEMPATH\Validation\Validation.php(170): CodeIgniter\Validation\Validation->processRules('email', 'email', 'test@gmail.com', [...], [...])
 6 SYSTEMPATH\Controller.php(140): CodeIgniter\Validation\Validation->run()
 7 APPPATH\Controllers\SignupController.php(25): CodeIgniter\Controller->validate([...])
 8 SYSTEMPATH\CodeIgniter.php(934): App\Controllers\SignupController->store()
 9 SYSTEMPATH\CodeIgniter.php(499): CodeIgniter\CodeIgniter->runController(Object(App\Controllers\SignupController))
10 SYSTEMPATH\CodeIgniter.php(368): CodeIgniter\CodeIgniter->handleRequest(null, Object(Config\Cache), false)
11 FCPATH\index.php(67): CodeIgniter\CodeIgniter->run()
12 SYSTEMPATH\Commands\Server\rewrite.php(47): require_once('C:\\xampp\\htdocs\\ci4_capstone1.0\\public\\index.php')
ERROR - 2023-05-13 23:39:35 --> Error connecting to the database: mysqli_sql_exception: Unknown database 'dot_managementdb' in C:\xampp\htdocs\ci4_capstone1.0\system\Database\MySQLi\Connection.php:173
Stack trace:
#0 C:\xampp\htdocs\ci4_capstone1.0\system\Database\MySQLi\Connection.php(173): mysqli->real_connect('localhost', 'root', Object(SensitiveParameterValue), 'dot_managementd...', 3306, '', 0)
#1 C:\xampp\htdocs\ci4_capstone1.0\system\Database\BaseConnection.php(391): CodeIgniter\Database\MySQLi\Connection->connect(false)
#2 C:\xampp\htdocs\ci4_capstone1.0\system\Database\BaseConnection.php(573): CodeIgniter\Database\BaseConnection->initialize()
#3 C:\xampp\htdocs\ci4_capstone1.0\system\Database\BaseBuilder.php(1616): CodeIgniter\Database\BaseConnection->query('SELECT 1\nFROM `...', Array, false)
#4 C:\xampp\htdocs\ci4_capstone1.0\system\Validation\StrictRules\Rules.php(206): CodeIgniter\Database\BaseBuilder->get()
#5 C:\xampp\htdocs\ci4_capstone1.0\system\Validation\Validation.php(312): CodeIgniter\Validation\StrictRules\Rules->is_unique('test@gmail.com', 'email', Array, NULL, 'email')
#6 C:\xampp\htdocs\ci4_capstone1.0\system\Validation\Validation.php(170): CodeIgniter\Validation\Validation->processRules('email', 'email', 'test@gmail.com', Array, Array)
#7 C:\xampp\htdocs\ci4_capstone1.0\system\Controller.php(140): CodeIgniter\Validation\Validation->run()
#8 C:\xampp\htdocs\ci4_capstone1.0\app\Controllers\SignupController.php(25): CodeIgniter\Controller->validate(Array)
#9 C:\xampp\htdocs\ci4_capstone1.0\system\CodeIgniter.php(934): App\Controllers\SignupController->store()
#10 C:\xampp\htdocs\ci4_capstone1.0\system\CodeIgniter.php(499): CodeIgniter\CodeIgniter->runController(Object(App\Controllers\SignupController))
#11 C:\xampp\htdocs\ci4_capstone1.0\system\CodeIgniter.php(368): CodeIgniter\CodeIgniter->handleRequest(NULL, Object(Config\Cache), false)
#12 C:\xampp\htdocs\ci4_capstone1.0\public\index.php(67): CodeIgniter\CodeIgniter->run()
#13 C:\xampp\htdocs\ci4_capstone1.0\system\Commands\Server\rewrite.php(47): require_once('C:\\xampp\\htdocs...')
#14 {main}

Next CodeIgniter\Database\Exceptions\DatabaseException: Unknown database 'dot_managementdb' in C:\xampp\htdocs\ci4_capstone1.0\system\Database\MySQLi\Connection.php:218
Stack trace:
#0 C:\xampp\htdocs\ci4_capstone1.0\system\Database\BaseConnection.php(391): CodeIgniter\Database\MySQLi\Connection->connect(false)
#1 C:\xampp\htdocs\ci4_capstone1.0\system\Database\BaseConnection.php(573): CodeIgniter\Database\BaseConnection->initialize()
#2 C:\xampp\htdocs\ci4_capstone1.0\system\Database\BaseBuilder.php(1616): CodeIgniter\Database\BaseConnection->query('SELECT 1\nFROM `...', Array, false)
#3 C:\xampp\htdocs\ci4_capstone1.0\system\Validation\StrictRules\Rules.php(206): CodeIgniter\Database\BaseBuilder->get()
#4 C:\xampp\htdocs\ci4_capstone1.0\system\Validation\Validation.php(312): CodeIgniter\Validation\StrictRules\Rules->is_unique('test@gmail.com', 'email', Array, NULL, 'email')
#5 C:\xampp\htdocs\ci4_capstone1.0\system\Validation\Validation.php(170): CodeIgniter\Validation\Validation->processRules('email', 'email', 'test@gmail.com', Array, Array)
#6 C:\xampp\htdocs\ci4_capstone1.0\system\Controller.php(140): CodeIgniter\Validation\Validation->run()
#7 C:\xampp\htdocs\ci4_capstone1.0\app\Controllers\SignupController.php(25): CodeIgniter\Controller->validate(Array)
#8 C:\xampp\htdocs\ci4_capstone1.0\system\CodeIgniter.php(934): App\Controllers\SignupController->store()
#9 C:\xampp\htdocs\ci4_capstone1.0\system\CodeIgniter.php(499): CodeIgniter\CodeIgniter->runController(Object(App\Controllers\SignupController))
#10 C:\xampp\htdocs\ci4_capstone1.0\system\CodeIgniter.php(368): CodeIgniter\CodeIgniter->handleRequest(NULL, Object(Config\Cache), false)
#11 C:\xampp\htdocs\ci4_capstone1.0\public\index.php(67): CodeIgniter\CodeIgniter->run()
#12 C:\xampp\htdocs\ci4_capstone1.0\system\Commands\Server\rewrite.php(47): require_once('C:\\xampp\\htdocs...')
#13 {main}
CRITICAL - 2023-05-13 23:39:35 --> Unable to connect to the database.
Main connection [MySQLi]: Unknown database 'dot_managementdb'
in SYSTEMPATH\Database\BaseConnection.php on line 427.
 1 SYSTEMPATH\Database\BaseConnection.php(573): CodeIgniter\Database\BaseConnection->initialize()
 2 SYSTEMPATH\Database\BaseBuilder.php(1616): CodeIgniter\Database\BaseConnection->query('SELECT 1
FROM `admin_user`
WHERE `email` = :email:
 LIMIT 1', [...], false)
 3 SYSTEMPATH\Validation\StrictRules\Rules.php(206): CodeIgniter\Database\BaseBuilder->get()
 4 SYSTEMPATH\Validation\Validation.php(312): CodeIgniter\Validation\StrictRules\Rules->is_unique('test@gmail.com', 'email', [...], null, 'email')
 5 SYSTEMPATH\Validation\Validation.php(170): CodeIgniter\Validation\Validation->processRules('email', 'email', 'test@gmail.com', [...], [...])
 6 SYSTEMPATH\Controller.php(140): CodeIgniter\Validation\Validation->run()
 7 APPPATH\Controllers\SignupController.php(25): CodeIgniter\Controller->validate([...])
 8 SYSTEMPATH\CodeIgniter.php(934): App\Controllers\SignupController->store()
 9 SYSTEMPATH\CodeIgniter.php(499): CodeIgniter\CodeIgniter->runController(Object(App\Controllers\SignupController))
10 SYSTEMPATH\CodeIgniter.php(368): CodeIgniter\CodeIgniter->handleRequest(null, Object(Config\Cache), false)
11 FCPATH\index.php(67): CodeIgniter\CodeIgniter->run()
12 SYSTEMPATH\Commands\Server\rewrite.php(47): require_once('C:\\xampp\\htdocs\\ci4_capstone1.0\\public\\index.php')
INFO - 2023-05-13 23:46:17 --> Session: Class initialized using 'CodeIgniter\Session\Handlers\FileHandler' driver.
ERROR - 2023-05-13 23:46:42 --> mysqli_sql_exception: Table 'dot_managementdb.admin_user' doesn't exist in C:\xampp\htdocs\ci4_capstone1.0\system\Database\MySQLi\Connection.php:295
Stack trace:
#0 C:\xampp\htdocs\ci4_capstone1.0\system\Database\MySQLi\Connection.php(295): mysqli->query('SELECT 1\nFROM `...', 0)
#1 C:\xampp\htdocs\ci4_capstone1.0\system\Database\BaseConnection.php(691): CodeIgniter\Database\MySQLi\Connection->execute('SELECT 1\nFROM `...')
#2 C:\xampp\htdocs\ci4_capstone1.0\system\Database\BaseConnection.php(605): CodeIgniter\Database\BaseConnection->simpleQuery('SELECT 1\nFROM `...')
#3 C:\xampp\htdocs\ci4_capstone1.0\system\Database\BaseBuilder.php(1616): CodeIgniter\Database\BaseConnection->query('SELECT 1\nFROM `...', Array, false)
#4 C:\xampp\htdocs\ci4_capstone1.0\system\Validation\StrictRules\Rules.php(206): CodeIgniter\Database\BaseBuilder->get()
#5 C:\xampp\htdocs\ci4_capstone1.0\system\Validation\Validation.php(312): CodeIgniter\Validation\StrictRules\Rules->is_unique('test@gmail.com', 'email', Array, NULL, 'email')
#6 C:\xampp\htdocs\ci4_capstone1.0\system\Validation\Validation.php(170): CodeIgniter\Validation\Validation->processRules('email', 'email', 'test@gmail.com', Array, Array)
#7 C:\xampp\htdocs\ci4_capstone1.0\system\Controller.php(140): CodeIgniter\Validation\Validation->run()
#8 C:\xampp\htdocs\ci4_capstone1.0\app\Controllers\SignupController.php(25): CodeIgniter\Controller->validate(Array)
#9 C:\xampp\htdocs\ci4_capstone1.0\system\CodeIgniter.php(934): App\Controllers\SignupController->store()
#10 C:\xampp\htdocs\ci4_capstone1.0\system\CodeIgniter.php(499): CodeIgniter\CodeIgniter->runController(Object(App\Controllers\SignupController))
#11 C:\xampp\htdocs\ci4_capstone1.0\system\CodeIgniter.php(368): CodeIgniter\CodeIgniter->handleRequest(NULL, Object(Config\Cache), false)
#12 C:\xampp\htdocs\ci4_capstone1.0\public\index.php(67): CodeIgniter\CodeIgniter->run()
#13 C:\xampp\htdocs\ci4_capstone1.0\system\Commands\Server\rewrite.php(47): require_once('C:\\xampp\\htdocs...')
#14 {main}
CRITICAL - 2023-05-13 23:46:42 --> Table 'dot_managementdb.admin_user' doesn't exist
in SYSTEMPATH\Database\MySQLi\Connection.php on line 295.
 1 SYSTEMPATH\Database\MySQLi\Connection.php(295): mysqli->query('SELECT 1
FROM `admin_user`
WHERE `email` = \'test@gmail.com\'
 LIMIT 1', 0)
 2 SYSTEMPATH\Database\BaseConnection.php(691): CodeIgniter\Database\MySQLi\Connection->execute('SELECT 1
FROM `admin_user`
WHERE `email` = \'test@gmail.com\'
 LIMIT 1')
 3 SYSTEMPATH\Database\BaseConnection.php(605): CodeIgniter\Database\BaseConnection->simpleQuery('SELECT 1
FROM `admin_user`
WHERE `email` = \'test@gmail.com\'
 LIMIT 1')
 4 SYSTEMPATH\Database\BaseBuilder.php(1616): CodeIgniter\Database\BaseConnection->query('SELECT 1
FROM `admin_user`
WHERE `email` = :email:
 LIMIT 1', [...], false)
 5 SYSTEMPATH\Validation\StrictRules\Rules.php(206): CodeIgniter\Database\BaseBuilder->get()
 6 SYSTEMPATH\Validation\Validation.php(312): CodeIgniter\Validation\StrictRules\Rules->is_unique('test@gmail.com', 'email', [...], null, 'email')
 7 SYSTEMPATH\Validation\Validation.php(170): CodeIgniter\Validation\Validation->processRules('email', 'email', 'test@gmail.com', [...], [...])
 8 SYSTEMPATH\Controller.php(140): CodeIgniter\Validation\Validation->run()
 9 APPPATH\Controllers\SignupController.php(25): CodeIgniter\Controller->validate([...])
10 SYSTEMPATH\CodeIgniter.php(934): App\Controllers\SignupController->store()
11 SYSTEMPATH\CodeIgniter.php(499): CodeIgniter\CodeIgniter->runController(Object(App\Controllers\SignupController))
12 SYSTEMPATH\CodeIgniter.php(368): CodeIgniter\CodeIgniter->handleRequest(null, Object(Config\Cache), false)
13 FCPATH\index.php(67): CodeIgniter\CodeIgniter->run()
14 SYSTEMPATH\Commands\Server\rewrite.php(47): require_once('C:\\xampp\\htdocs\\ci4_capstone1.0\\public\\index.php')
ERROR - 2023-05-13 23:48:41 --> mysqli_sql_exception: Table 'dot_managementdb.admin_user' doesn't exist in C:\xampp\htdocs\ci4_capstone1.0\system\Database\MySQLi\Connection.php:295
Stack trace:
#0 C:\xampp\htdocs\ci4_capstone1.0\system\Database\MySQLi\Connection.php(295): mysqli->query('SELECT 1\nFROM `...', 0)
#1 C:\xampp\htdocs\ci4_capstone1.0\system\Database\BaseConnection.php(691): CodeIgniter\Database\MySQLi\Connection->execute('SELECT 1\nFROM `...')
#2 C:\xampp\htdocs\ci4_capstone1.0\system\Database\BaseConnection.php(605): CodeIgniter\Database\BaseConnection->simpleQuery('SELECT 1\nFROM `...')
#3 C:\xampp\htdocs\ci4_capstone1.0\system\Database\BaseBuilder.php(1616): CodeIgniter\Database\BaseConnection->query('SELECT 1\nFROM `...', Array, false)
#4 C:\xampp\htdocs\ci4_capstone1.0\system\Validation\StrictRules\Rules.php(206): CodeIgniter\Database\BaseBuilder->get()
#5 C:\xampp\htdocs\ci4_capstone1.0\system\Validation\Validation.php(312): CodeIgniter\Validation\StrictRules\Rules->is_unique('test@gmail.com', 'email', Array, NULL, 'email')
#6 C:\xampp\htdocs\ci4_capstone1.0\system\Validation\Validation.php(170): CodeIgniter\Validation\Validation->processRules('email', 'email', 'test@gmail.com', Array, Array)
#7 C:\xampp\htdocs\ci4_capstone1.0\system\Controller.php(140): CodeIgniter\Validation\Validation->run()
#8 C:\xampp\htdocs\ci4_capstone1.0\app\Controllers\SignupController.php(25): CodeIgniter\Controller->validate(Array)
#9 C:\xampp\htdocs\ci4_capstone1.0\system\CodeIgniter.php(934): App\Controllers\SignupController->store()
#10 C:\xampp\htdocs\ci4_capstone1.0\system\CodeIgniter.php(499): CodeIgniter\CodeIgniter->runController(Object(App\Controllers\SignupController))
#11 C:\xampp\htdocs\ci4_capstone1.0\system\CodeIgniter.php(368): CodeIgniter\CodeIgniter->handleRequest(NULL, Object(Config\Cache), false)
#12 C:\xampp\htdocs\ci4_capstone1.0\public\index.php(67): CodeIgniter\CodeIgniter->run()
#13 C:\xampp\htdocs\ci4_capstone1.0\system\Commands\Server\rewrite.php(47): require_once('C:\\xampp\\htdocs...')
#14 {main}
CRITICAL - 2023-05-13 23:48:41 --> Table 'dot_managementdb.admin_user' doesn't exist
in SYSTEMPATH\Database\MySQLi\Connection.php on line 295.
 1 SYSTEMPATH\Database\MySQLi\Connection.php(295): mysqli->query('SELECT 1
FROM `admin_user`
WHERE `email` = \'test@gmail.com\'
 LIMIT 1', 0)
 2 SYSTEMPATH\Database\BaseConnection.php(691): CodeIgniter\Database\MySQLi\Connection->execute('SELECT 1
FROM `admin_user`
WHERE `email` = \'test@gmail.com\'
 LIMIT 1')
 3 SYSTEMPATH\Database\BaseConnection.php(605): CodeIgniter\Database\BaseConnection->simpleQuery('SELECT 1
FROM `admin_user`
WHERE `email` = \'test@gmail.com\'
 LIMIT 1')
 4 SYSTEMPATH\Database\BaseBuilder.php(1616): CodeIgniter\Database\BaseConnection->query('SELECT 1
FROM `admin_user`
WHERE `email` = :email:
 LIMIT 1', [...], false)
 5 SYSTEMPATH\Validation\StrictRules\Rules.php(206): CodeIgniter\Database\BaseBuilder->get()
 6 SYSTEMPATH\Validation\Validation.php(312): CodeIgniter\Validation\StrictRules\Rules->is_unique('test@gmail.com', 'email', [...], null, 'email')
 7 SYSTEMPATH\Validation\Validation.php(170): CodeIgniter\Validation\Validation->processRules('email', 'email', 'test@gmail.com', [...], [...])
 8 SYSTEMPATH\Controller.php(140): CodeIgniter\Validation\Validation->run()
 9 APPPATH\Controllers\SignupController.php(25): CodeIgniter\Controller->validate([...])
10 SYSTEMPATH\CodeIgniter.php(934): App\Controllers\SignupController->store()
11 SYSTEMPATH\CodeIgniter.php(499): CodeIgniter\CodeIgniter->runController(Object(App\Controllers\SignupController))
12 SYSTEMPATH\CodeIgniter.php(368): CodeIgniter\CodeIgniter->handleRequest(null, Object(Config\Cache), false)
13 FCPATH\index.php(67): CodeIgniter\CodeIgniter->run()
14 SYSTEMPATH\Commands\Server\rewrite.php(47): require_once('C:\\xampp\\htdocs\\ci4_capstone1.0\\public\\index.php')
ERROR - 2023-05-13 23:49:49 --> mysqli_sql_exception: Table 'dot_managementdb.admin_user' doesn't exist in C:\xampp\htdocs\ci4_capstone1.0\system\Database\MySQLi\Connection.php:295
Stack trace:
#0 C:\xampp\htdocs\ci4_capstone1.0\system\Database\MySQLi\Connection.php(295): mysqli->query('SELECT 1\nFROM `...', 0)
#1 C:\xampp\htdocs\ci4_capstone1.0\system\Database\BaseConnection.php(691): CodeIgniter\Database\MySQLi\Connection->execute('SELECT 1\nFROM `...')
#2 C:\xampp\htdocs\ci4_capstone1.0\system\Database\BaseConnection.php(605): CodeIgniter\Database\BaseConnection->simpleQuery('SELECT 1\nFROM `...')
#3 C:\xampp\htdocs\ci4_capstone1.0\system\Database\BaseBuilder.php(1616): CodeIgniter\Database\BaseConnection->query('SELECT 1\nFROM `...', Array, false)
#4 C:\xampp\htdocs\ci4_capstone1.0\system\Validation\StrictRules\Rules.php(206): CodeIgniter\Database\BaseBuilder->get()
#5 C:\xampp\htdocs\ci4_capstone1.0\system\Validation\Validation.php(312): CodeIgniter\Validation\StrictRules\Rules->is_unique('test@gmail.com', 'email', Array, NULL, 'email')
#6 C:\xampp\htdocs\ci4_capstone1.0\system\Validation\Validation.php(170): CodeIgniter\Validation\Validation->processRules('email', 'email', 'test@gmail.com', Array, Array)
#7 C:\xampp\htdocs\ci4_capstone1.0\system\Controller.php(140): CodeIgniter\Validation\Validation->run()
#8 C:\xampp\htdocs\ci4_capstone1.0\app\Controllers\SignupController.php(25): CodeIgniter\Controller->validate(Array)
#9 C:\xampp\htdocs\ci4_capstone1.0\system\CodeIgniter.php(934): App\Controllers\SignupController->store()
#10 C:\xampp\htdocs\ci4_capstone1.0\system\CodeIgniter.php(499): CodeIgniter\CodeIgniter->runController(Object(App\Controllers\SignupController))
#11 C:\xampp\htdocs\ci4_capstone1.0\system\CodeIgniter.php(368): CodeIgniter\CodeIgniter->handleRequest(NULL, Object(Config\Cache), false)
#12 C:\xampp\htdocs\ci4_capstone1.0\public\index.php(67): CodeIgniter\CodeIgniter->run()
#13 C:\xampp\htdocs\ci4_capstone1.0\system\Commands\Server\rewrite.php(47): require_once('C:\\xampp\\htdocs...')
#14 {main}
CRITICAL - 2023-05-13 23:49:49 --> Table 'dot_managementdb.admin_user' doesn't exist
in SYSTEMPATH\Database\MySQLi\Connection.php on line 295.
 1 SYSTEMPATH\Database\MySQLi\Connection.php(295): mysqli->query('SELECT 1
FROM `admin_user`
WHERE `email` = \'test@gmail.com\'
 LIMIT 1', 0)
 2 SYSTEMPATH\Database\BaseConnection.php(691): CodeIgniter\Database\MySQLi\Connection->execute('SELECT 1
FROM `admin_user`
WHERE `email` = \'test@gmail.com\'
 LIMIT 1')
 3 SYSTEMPATH\Database\BaseConnection.php(605): CodeIgniter\Database\BaseConnection->simpleQuery('SELECT 1
FROM `admin_user`
WHERE `email` = \'test@gmail.com\'
 LIMIT 1')
 4 SYSTEMPATH\Database\BaseBuilder.php(1616): CodeIgniter\Database\BaseConnection->query('SELECT 1
FROM `admin_user`
WHERE `email` = :email:
 LIMIT 1', [...], false)
 5 SYSTEMPATH\Validation\StrictRules\Rules.php(206): CodeIgniter\Database\BaseBuilder->get()
 6 SYSTEMPATH\Validation\Validation.php(312): CodeIgniter\Validation\StrictRules\Rules->is_unique('test@gmail.com', 'email', [...], null, 'email')
 7 SYSTEMPATH\Validation\Validation.php(170): CodeIgniter\Validation\Validation->processRules('email', 'email', 'test@gmail.com', [...], [...])
 8 SYSTEMPATH\Controller.php(140): CodeIgniter\Validation\Validation->run()
 9 APPPATH\Controllers\SignupController.php(25): CodeIgniter\Controller->validate([...])
10 SYSTEMPATH\CodeIgniter.php(934): App\Controllers\SignupController->store()
11 SYSTEMPATH\CodeIgniter.php(499): CodeIgniter\CodeIgniter->runController(Object(App\Controllers\SignupController))
12 SYSTEMPATH\CodeIgniter.php(368): CodeIgniter\CodeIgniter->handleRequest(null, Object(Config\Cache), false)
13 FCPATH\index.php(67): CodeIgniter\CodeIgniter->run()
14 SYSTEMPATH\Commands\Server\rewrite.php(47): require_once('C:\\xampp\\htdocs\\ci4_capstone1.0\\public\\index.php')
INFO - 2023-05-13 23:50:49 --> Session: Class initialized using 'CodeIgniter\Session\Handlers\FileHandler' driver.
INFO - 2023-05-13 23:56:37 --> Session: Class initialized using 'CodeIgniter\Session\Handlers\FileHandler' driver.
INFO - 2023-05-13 23:56:37 --> Session: Class initialized using 'CodeIgniter\Session\Handlers\FileHandler' driver.
INFO - 2023-05-13 23:57:16 --> Session: Class initialized using 'CodeIgniter\Session\Handlers\FileHandler' driver.
INFO - 2023-05-13 23:57:21 --> Session: Class initialized using 'CodeIgniter\Session\Handlers\FileHandler' driver.
INFO - 2023-05-13 23:57:21 --> Session: Class initialized using 'CodeIgniter\Session\Handlers\FileHandler' driver.
INFO - 2023-05-13 23:57:26 --> Session: Class initialized using 'CodeIgniter\Session\Handlers\FileHandler' driver.
